<?xml version="1.0" encoding="UTF-8"?>
<!-- Generated by org.testng.reporters.JUnitXMLReporter -->
<testsuite ignored="0" hostname="LAPTOP-EOL80IFI" failures="0" tests="4" name="Default test" time="60.445" errors="0" timestamp="2025-08-10T20:34:38 IST">
  <testcase classname="searchProduct.ContactUs" name="setUp" time="13.092"/>
  <testcase classname="searchProduct.ContactUs" name="login" time="10.142"/>
  <testcase classname="searchProduct.ContactUs" name="contact" time="36.651"/>
  <testcase classname="searchProduct.ContactUs" name="shutDown" time="0.5"/>
</testsuite> <!-- Default test -->
