<?xml version="1.0" encoding="UTF-8"?>
<testng-results ignored="0" total="1" passed="1" failed="0" skipped="0">
  <reporter-output>
  </reporter-output>
  <suite started-at="2025-06-06T19:25:18 IST" name="Default suite" finished-at="2025-06-06T19:25:36 IST" duration-ms="18206">
    <groups>
    </groups>
    <test started-at="2025-06-06T19:25:18 IST" name="Default test" finished-at="2025-06-06T19:25:36 IST" duration-ms="18206">
      <class name="resume.Naukari">
        <test-method signature="update()[pri:0, instance:resume.Naukari@515c6049]" started-at="2025-06-06T19:25:18 IST" name="update" finished-at="2025-06-06T19:25:36 IST" duration-ms="18152" status="PASS">
          <reporter-output>
          </reporter-output>
        </test-method> <!-- update -->
      </class> <!-- resume.Naukari -->
    </test> <!-- Default test -->
  </suite> <!-- Default suite -->
</testng-results>
