<?xml version="1.0" encoding="UTF-8"?>
<testng-results ignored="0" total="4" passed="4" failed="0" skipped="0">
  <reporter-output>
  </reporter-output>
  <suite started-at="2025-08-10T20:33:38 IST" name="Default suite" finished-at="2025-08-10T20:34:38 IST" duration-ms="60445">
    <groups>
    </groups>
    <test started-at="2025-08-10T20:33:38 IST" name="Default test" finished-at="2025-08-10T20:34:38 IST" duration-ms="60445">
      <class name="searchProduct.ContactUs">
        <test-method signature="setUp()[pri:1, instance:searchProduct.ContactUs@33d512c1]" started-at="2025-08-10T20:33:38 IST" name="setUp" finished-at="2025-08-10T20:33:51 IST" duration-ms="13092" status="PASS">
          <reporter-output>
          </reporter-output>
        </test-method> <!-- setUp -->
        <test-method signature="login()[pri:2, instance:searchProduct.ContactUs@33d512c1]" started-at="2025-08-10T20:33:51 IST" name="login" finished-at="2025-08-10T20:34:01 IST" duration-ms="10142" status="PASS">
          <reporter-output>
          </reporter-output>
        </test-method> <!-- login -->
        <test-method signature="contact()[pri:3, instance:searchProduct.ContactUs@33d512c1]" started-at="2025-08-10T20:34:01 IST" name="contact" finished-at="2025-08-10T20:34:38 IST" duration-ms="36651" status="PASS">
          <reporter-output>
          </reporter-output>
        </test-method> <!-- contact -->
        <test-method signature="shutDown()[pri:4, instance:searchProduct.ContactUs@33d512c1]" started-at="2025-08-10T20:34:38 IST" name="shutDown" finished-at="2025-08-10T20:34:38 IST" duration-ms="500" status="PASS">
          <reporter-output>
          </reporter-output>
        </test-method> <!-- shutDown -->
      </class> <!-- searchProduct.ContactUs -->
    </test> <!-- Default test -->
  </suite> <!-- Default suite -->
</testng-results>
